>>> 12:33:44 START potato/densenet121/f1
<<< 12:45:05 OK    potato/densenet121/f1
>>> 12:45:05 START potato/densenet201/f1
<<< 12:52:54 OK    potato/densenet201/f1
>>> 12:52:54 START potato/densexnet/f1
<<< 13:01:26 OK    potato/densexnet/f1
>>> 13:01:26 START potato/convnext_tiny/f1
<<< 13:07:03 OK    potato/convnext_tiny/f1
>>> 13:07:03 START potato/vit_small/f1
<<< 13:13:33 OK    potato/vit_small/f1
>>> 13:13:33 START potato/swin_tiny/f1
<<< 13:18:51 OK    potato/swin_tiny/f1
>>> 13:18:51 START potato/densenet121/f2
<<< 13:25:48 OK    potato/densenet121/f2
>>> 13:25:48 START potato/densenet201/f2
<<< 13:37:43 OK    potato/densenet201/f2
>>> 13:37:43 START potato/densexnet/f2
<<< 13:47:59 OK    potato/densexnet/f2
>>> 13:47:59 START potato/convnext_tiny/f2
<<< 13:58:17 OK    potato/convnext_tiny/f2
>>> 13:58:17 START potato/vit_small/f2
<<< 14:06:17 OK    potato/vit_small/f2
>>> 14:06:17 START potato/swin_tiny/f2
<<< 14:15:13 OK    potato/swin_tiny/f2
>>> 14:15:13 START potato/densenet121/f3
<<< 14:24:38 OK    potato/densenet121/f3
>>> 14:24:38 START potato/densenet201/f3
<<< 14:31:23 OK    potato/densenet201/f3
>>> 14:31:23 START potato/densexnet/f3
<<< 14:39:10 OK    potato/densexnet/f3
>>> 14:39:10 START potato/convnext_tiny/f3
<<< 14:44:56 OK    potato/convnext_tiny/f3
>>> 14:44:56 START potato/vit_small/f3
<<< 14:54:55 OK    potato/vit_small/f3
>>> 14:54:55 START potato/swin_tiny/f3
<<< 15:05:46 OK    potato/swin_tiny/f3
>>> 15:05:46 START potato/densenet121/f4
<<< 15:14:44 OK    potato/densenet121/f4
>>> 15:14:44 START potato/densenet201/f4
<<< 15:26:34 OK    potato/densenet201/f4
>>> 15:26:34 START potato/densexnet/f4
<<< 15:35:15 OK    potato/densexnet/f4
>>> 15:35:15 START potato/convnext_tiny/f4
<<< 15:44:30 OK    potato/convnext_tiny/f4
>>> 15:44:30 START potato/vit_small/f4
<<< 15:50:48 OK    potato/vit_small/f4
>>> 15:50:48 START potato/swin_tiny/f4
<<< 15:57:52 OK    potato/swin_tiny/f4
>>> 15:57:52 START cowpea/densenet121/f1
<<< 16:04:46 OK    cowpea/densenet121/f1
>>> 16:04:46 START cowpea/densenet201/f1
<<< 16:09:45 OK    cowpea/densenet201/f1
>>> 16:09:45 START cowpea/densexnet/f1
<<< 16:14:39 OK    cowpea/densexnet/f1
>>> 16:14:39 START cowpea/convnext_tiny/f1
<<< 16:19:11 OK    cowpea/convnext_tiny/f1
>>> 16:19:11 START cowpea/vit_small/f1
<<< 16:24:28 OK    cowpea/vit_small/f1
>>> 16:24:28 START cowpea/swin_tiny/f1
<<< 16:29:27 OK    cowpea/swin_tiny/f1
>>> 16:29:27 START cowpea/densenet121/f2
<<< 16:34:22 OK    cowpea/densenet121/f2
>>> 16:34:22 START cowpea/densenet201/f2
<<< 16:39:25 OK    cowpea/densenet201/f2
>>> 16:39:25 START cowpea/densexnet/f2
<<< 16:45:10 OK    cowpea/densexnet/f2
>>> 16:45:10 START cowpea/convnext_tiny/f2
<<< 16:49:43 OK    cowpea/convnext_tiny/f2
>>> 16:49:43 START cowpea/vit_small/f2
<<< 16:54:37 OK    cowpea/vit_small/f2
>>> 16:54:37 START cowpea/swin_tiny/f2
<<< 17:00:00 OK    cowpea/swin_tiny/f2
>>> 17:00:00 START cowpea/densenet121/f3
<<< 17:04:58 OK    cowpea/densenet121/f3
>>> 17:04:58 START cowpea/densenet201/f3
<<< 17:09:33 OK    cowpea/densenet201/f3
>>> 17:09:33 START cowpea/densexnet/f3
<<< 17:14:52 OK    cowpea/densexnet/f3
>>> 17:14:52 START cowpea/convnext_tiny/f3
<<< 17:19:49 OK    cowpea/convnext_tiny/f3
>>> 17:19:49 START cowpea/vit_small/f3
<<< 17:25:28 OK    cowpea/vit_small/f3
>>> 17:25:28 START cowpea/swin_tiny/f3
<<< 17:30:50 OK    cowpea/swin_tiny/f3
>>> 17:30:50 START cowpea/densenet121/f4
<<< 17:35:46 OK    cowpea/densenet121/f4
>>> 17:35:46 START cowpea/densenet201/f4
<<< 17:40:50 OK    cowpea/densenet201/f4
>>> 17:40:50 START cowpea/densexnet/f4
<<< 17:48:31 OK    cowpea/densexnet/f4
>>> 17:48:31 START cowpea/convnext_tiny/f4
<<< 17:53:04 OK    cowpea/convnext_tiny/f4
>>> 17:53:04 START cowpea/vit_small/f4
<<< 17:58:43 OK    cowpea/vit_small/f4
>>> 17:58:43 START cowpea/swin_tiny/f4
<<< 18:04:52 OK    cowpea/swin_tiny/f4
>>> 18:04:52 START cluster_bean/densenet121/f1
<<< 18:11:39 OK    cluster_bean/densenet121/f1
>>> 18:11:39 START cluster_bean/densenet201/f1
<<< 18:27:20 OK    cluster_bean/densenet201/f1
>>> 18:27:20 START cluster_bean/densexnet/f1
<<< 18:42:55 OK    cluster_bean/densexnet/f1
>>> 18:42:55 START cluster_bean/convnext_tiny/f1
<<< 18:51:35 OK    cluster_bean/convnext_tiny/f1
>>> 18:51:35 START cluster_bean/vit_small/f1
<<< 19:00:04 OK    cluster_bean/vit_small/f1
>>> 19:00:04 START cluster_bean/swin_tiny/f1
<<< 19:13:43 OK    cluster_bean/swin_tiny/f1
>>> 19:13:43 START cluster_bean/densenet121/f2
<<< 19:28:13 OK    cluster_bean/densenet121/f2
>>> 19:28:13 START cluster_bean/densenet201/f2
<<< 19:36:37 OK    cluster_bean/densenet201/f2
>>> 19:36:37 START cluster_bean/densexnet/f2
<<< 19:50:41 OK    cluster_bean/densexnet/f2
>>> 19:50:41 START cluster_bean/convnext_tiny/f2
<<< 19:59:23 OK    cluster_bean/convnext_tiny/f2
>>> 19:59:23 START cluster_bean/vit_small/f2
<<< 20:10:21 OK    cluster_bean/vit_small/f2
>>> 20:10:21 START cluster_bean/swin_tiny/f2
<<< 20:18:10 OK    cluster_bean/swin_tiny/f2
>>> 20:18:10 START cluster_bean/densenet121/f3
<<< 20:29:36 OK    cluster_bean/densenet121/f3
>>> 20:29:36 START cluster_bean/densenet201/f3
<<< 20:43:22 OK    cluster_bean/densenet201/f3
>>> 20:43:22 START cluster_bean/densexnet/f3
<<< 20:53:35 OK    cluster_bean/densexnet/f3
>>> 20:53:35 START cluster_bean/convnext_tiny/f3
<<< 21:05:12 OK    cluster_bean/convnext_tiny/f3
>>> 21:05:12 START cluster_bean/vit_small/f3
<<< 21:13:50 OK    cluster_bean/vit_small/f3
>>> 21:13:50 START cluster_bean/swin_tiny/f3
<<< 21:22:33 OK    cluster_bean/swin_tiny/f3
>>> 21:22:33 START cluster_bean/densenet121/f4
<<< 21:33:09 OK    cluster_bean/densenet121/f4
>>> 21:33:09 START cluster_bean/densenet201/f4
<<< 21:39:28 OK    cluster_bean/densenet201/f4
>>> 21:39:28 START cluster_bean/densexnet/f4
<<< 21:47:01 OK    cluster_bean/densexnet/f4
>>> 21:47:01 START cluster_bean/convnext_tiny/f4
<<< 21:53:51 OK    cluster_bean/convnext_tiny/f4
>>> 21:53:51 START cluster_bean/vit_small/f4
<<< 22:01:28 OK    cluster_bean/vit_small/f4
>>> 22:01:28 START cluster_bean/swin_tiny/f4
<<< 22:09:40 OK    cluster_bean/swin_tiny/f4
=== CV COMPLETE Sun Jun 14 10:09:40 PM EDT 2026 ===
