>>> 20:51:57 START potato/densenet121
<<< 20:57:06 OK    potato/densenet121
>>> 20:57:06 START potato/densenet169
<<< 21:04:24 OK    potato/densenet169
>>> 21:04:24 START potato/densenet201
<<< 21:12:26 OK    potato/densenet201
>>> 21:12:26 START potato/densenet161
<<< 21:21:13 OK    potato/densenet161
>>> 21:21:13 START potato/densexnet
<<< 21:28:42 OK    potato/densexnet
>>> 21:28:42 START potato/densexnet_cbam
<<< 21:35:48 OK    potato/densexnet_cbam
>>> 21:35:48 START potato/vit_small
<<< 21:41:31 OK    potato/vit_small
>>> 21:41:31 START potato/swin_tiny
<<< 21:47:05 OK    potato/swin_tiny
>>> 21:47:05 START potato/convnext_tiny
<<< 21:55:21 OK    potato/convnext_tiny
>>> 21:55:21 START potato/deit_small
<<< 21:59:57 OK    potato/deit_small
>>> 21:59:57 START okra/densenet121
<<< 22:08:56 OK    okra/densenet121
>>> 22:08:56 START okra/densenet169
<<< 22:16:07 OK    okra/densenet169
>>> 22:16:07 START okra/densenet201
<<< 22:30:58 OK    okra/densenet201
>>> 22:30:58 START okra/densenet161
<<< 22:38:45 OK    okra/densenet161
>>> 22:38:45 START okra/densexnet
<<< 22:45:27 OK    okra/densexnet
>>> 22:45:27 START okra/densexnet_cbam
<<< 22:54:29 OK    okra/densexnet_cbam
>>> 22:54:29 START okra/vit_small
<<< 23:02:10 OK    okra/vit_small
>>> 23:02:10 START okra/swin_tiny
<<< 23:11:55 OK    okra/swin_tiny
>>> 23:11:55 START okra/convnext_tiny
<<< 23:18:11 OK    okra/convnext_tiny
>>> 23:18:11 START okra/deit_small
<<< 23:26:39 OK    okra/deit_small
>>> 23:26:39 START cowpea/densenet121
<<< 23:32:02 OK    cowpea/densenet121
>>> 23:32:02 START cowpea/densenet169
<<< 23:37:02 OK    cowpea/densenet169
>>> 23:37:02 START cowpea/densenet201
<<< 23:44:05 OK    cowpea/densenet201
>>> 23:44:05 START cowpea/densenet161
<<< 23:50:39 OK    cowpea/densenet161
>>> 23:50:39 START cowpea/densexnet
<<< 23:55:34 OK    cowpea/densexnet
>>> 23:55:34 START cowpea/densexnet_cbam
<<< 00:00:53 OK    cowpea/densexnet_cbam
>>> 00:00:53 START cowpea/vit_small
<<< 00:06:56 OK    cowpea/vit_small
>>> 00:06:56 START cowpea/swin_tiny
<<< 00:16:16 OK    cowpea/swin_tiny
>>> 00:16:16 START cowpea/convnext_tiny
<<< 00:23:10 OK    cowpea/convnext_tiny
>>> 00:23:10 START cowpea/deit_small
<<< 00:28:24 OK    cowpea/deit_small
>>> 00:28:24 START cluster_bean/densenet121
<<< 00:41:27 OK    cluster_bean/densenet121
>>> 00:41:27 START cluster_bean/densenet169
<<< 00:53:34 OK    cluster_bean/densenet169
>>> 00:53:34 START cluster_bean/densenet201
<<< 01:04:01 OK    cluster_bean/densenet201
>>> 01:04:01 START cluster_bean/densenet161
<<< 01:14:32 OK    cluster_bean/densenet161
>>> 01:14:32 START cluster_bean/densexnet
<<< 01:23:49 OK    cluster_bean/densexnet
>>> 01:23:49 START cluster_bean/densexnet_cbam
<<< 01:38:29 OK    cluster_bean/densexnet_cbam
>>> 01:38:29 START cluster_bean/vit_small
<<< 01:47:57 OK    cluster_bean/vit_small
>>> 01:47:57 START cluster_bean/swin_tiny
<<< 01:57:37 OK    cluster_bean/swin_tiny
>>> 01:57:37 START cluster_bean/convnext_tiny
<<< 02:07:18 OK    cluster_bean/convnext_tiny
>>> 02:07:18 START cluster_bean/deit_small
<<< 02:16:43 OK    cluster_bean/deit_small
=== PILOT COMPLETE Sun Jun 14 02:16:43 AM EDT 2026 ===
